<html>
<head>
<title>TestNG:  default-test</title>
<link href="../testng.css" rel="stylesheet" type="text/css" />
<link href="../my-testng.css" rel="stylesheet" type="text/css" />

<style type="text/css">
.log { display: none;} 
.stack-trace { display: none;} 
</style>
<script type="text/javascript">
<!--
function flip(e) {
  current = e.style.display;
  if (current == 'block') {
    e.style.display = 'none';
    return 0;
  }
  else {
    e.style.display = 'block';
    return 1;
  }
}

function toggleBox(szDivId, elem, msg1, msg2)
{
  var res = -1;  if (document.getElementById) {
    res = flip(document.getElementById(szDivId));
  }
  else if (document.all) {
    // this is the way old msie versions work
    res = flip(document.all[szDivId]);
  }
  if(elem) {
    if(res == 0) elem.innerHTML = msg1; else elem.innerHTML = msg2;
  }

}

function toggleAllBoxes() {
  if (document.getElementsByTagName) {
    d = document.getElementsByTagName('div');
    for (i = 0; i < d.length; i++) {
      if (d[i].className == 'log') {
        flip(d[i]);
      }
    }
  }
}

// -->
</script>

</head>
<body>
<h2 align='center'>default-test</h2><table border='1' align="center">
<tr>
<td>Tests passed/Failed/Skipped:</td><td>6/1/2</td>
</tr><tr>
<td>Started on:</td><td>Tue Jun 22 12:10:22 IST 2021</td>
</tr>
<tr><td>Total time:</td><td>0 seconds (164 ms)</td>
</tr><tr>
<td>Included groups:</td><td>Reg2 Reg1 </td>
</tr><tr>
<td>Excluded groups:</td><td></td>
</tr>
</table><p/>
<small><i>(Hover the method name to see the test class name)</i></small><p/>
<table width='100%' border='1' class='invocation-failed'>
<tr><td colspan='4' align='center'><b>FAILED TESTS</b></td></tr>
<tr><td><b>Test method</b></td>
<td width="30%"><b>Exception</b></td>
<td width="10%"><b>Time (seconds)</b></td>
<td><b>Instance</b></td>
</tr>
<tr>
<td title='framework.Testng.Groups.TestSuite3.tc007()'><b>tc007</b><br>Test class: framework.Testng.Groups.TestSuite3</td>
<td><div><pre>java.lang.AssertionError: expected [true] but found [false]
	at framework.Testng.Groups.TestSuite3.tc007(TestSuite3.java:13)
... Removed 29 stack frames</pre></div><a href='#' onClick='toggleBox("stack-trace540159270", this, "Click to show all stack frames", "Click to hide stack frames")'>Click to show all stack frames</a>
<div class='stack-trace' id='stack-trace540159270'><pre>java.lang.AssertionError: expected [true] but found [false]
	at org.testng.Assert.fail(Assert.java:94)
	at org.testng.Assert.failNotEquals(Assert.java:513)
	at org.testng.Assert.assertTrue(Assert.java:42)
	at org.testng.Assert.assertTrue(Assert.java:52)
	at framework.Testng.Groups.TestSuite3.tc007(TestSuite3.java:13)
	at sun.reflect.NativeMethodAccessorImpl.invoke0(Native Method)
	at sun.reflect.NativeMethodAccessorImpl.invoke(Unknown Source)
	at sun.reflect.DelegatingMethodAccessorImpl.invoke(Unknown Source)
	at java.lang.reflect.Method.invoke(Unknown Source)
	at org.testng.internal.MethodInvocationHelper.invokeMethod(MethodInvocationHelper.java:100)
	at org.testng.internal.Invoker.invokeMethod(Invoker.java:646)
	at org.testng.internal.Invoker.invokeTestMethod(Invoker.java:811)
	at org.testng.internal.Invoker.invokeTestMethods(Invoker.java:1129)
	at org.testng.internal.TestMethodWorker.invokeTestMethods(TestMethodWorker.java:129)
	at org.testng.internal.TestMethodWorker.run(TestMethodWorker.java:112)
	at org.testng.TestRunner.privateRun(TestRunner.java:746)
	at org.testng.TestRunner.run(TestRunner.java:600)
	at org.testng.SuiteRunner.runTest(SuiteRunner.java:366)
	at org.testng.SuiteRunner.runSequentially(SuiteRunner.java:361)
	at org.testng.SuiteRunner.privateRun(SuiteRunner.java:319)
	at org.testng.SuiteRunner.run(SuiteRunner.java:268)
	at org.testng.SuiteRunnerWorker.runSuite(SuiteRunnerWorker.java:52)
	at org.testng.SuiteRunnerWorker.run(SuiteRunnerWorker.java:86)
	at org.testng.TestNG.runSuitesSequentially(TestNG.java:1264)
	at org.testng.TestNG.runSuitesLocally(TestNG.java:1189)
	at org.testng.TestNG.runSuites(TestNG.java:1104)
	at org.testng.TestNG.run(TestNG.java:1076)
	at org.testng.remote.AbstractRemoteTestNG.run(AbstractRemoteTestNG.java:126)
	at org.testng.remote.RemoteTestNG.initAndRun(RemoteTestNG.java:152)
	at org.testng.remote.RemoteTestNG.main(RemoteTestNG.java:57)
</pre></div></td>
<td>0</td>
<td>framework.Testng.Groups.TestSuite3@4439f31e</td></tr>
</table><p>
<table width='100%' border='1' class='invocation-passed'>
<tr><td colspan='4' align='center'><b>PASSED TESTS</b></td></tr>
<tr><td><b>Test method</b></td>
<td width="30%"><b>Exception</b></td>
<td width="10%"><b>Time (seconds)</b></td>
<td><b>Instance</b></td>
</tr>
<tr>
<td title='framework.Testng.Groups.TestSuite1.tc001()'><b>tc001</b><br>Test class: framework.Testng.Groups.TestSuite1</td>
<td></td>
<td>0</td>
<td>framework.Testng.Groups.TestSuite1@5f375618</td></tr>
<tr>
<td title='framework.Testng.Groups.TestSuite1.tc002()'><b>tc002</b><br>Test class: framework.Testng.Groups.TestSuite1</td>
<td></td>
<td>0</td>
<td>framework.Testng.Groups.TestSuite1@5f375618</td></tr>
<tr>
<td title='framework.Testng.Groups.TestSuite1.tc003()'><b>tc003</b><br>Test class: framework.Testng.Groups.TestSuite1</td>
<td></td>
<td>0</td>
<td>framework.Testng.Groups.TestSuite1@5f375618</td></tr>
<tr>
<td title='framework.Testng.Groups.TestSuite2.tc004()'><b>tc004</b><br>Test class: framework.Testng.Groups.TestSuite2<br/>
<a href="#Output-1268066861" onClick='toggleBox("Output-1268066861", this, "Show output", "Hide output");'>Show output</a>

<a href="#Output-1268066861" onClick="toggleAllBoxes();">Show all outputs</a>
<div class='log' id="Output-1268066861">
tc004  Executed<br/>
</div>
</td>
<td></td>
<td>0</td>
<td>framework.Testng.Groups.TestSuite2@215be6bb</td></tr>
<tr>
<td title='framework.Testng.Groups.TestSuite2.tc005()'><b>tc005</b><br>Test class: framework.Testng.Groups.TestSuite2<br/>
<a href="#Output-1776957250" onClick='toggleBox("Output-1776957250", this, "Show output", "Hide output");'>Show output</a>

<a href="#Output-1776957250" onClick="toggleAllBoxes();">Show all outputs</a>
<div class='log' id="Output-1776957250">
tc005  Executed<br/>
</div>
</td>
<td></td>
<td>0</td>
<td>framework.Testng.Groups.TestSuite2@215be6bb</td></tr>
<tr>
<td title='framework.Testng.Groups.TestSuite2.tc006()'><b>tc006</b><br>Test class: framework.Testng.Groups.TestSuite2<br/>
<a href="#Output-827966648" onClick='toggleBox("Output-827966648", this, "Show output", "Hide output");'>Show output</a>

<a href="#Output-827966648" onClick="toggleAllBoxes();">Show all outputs</a>
<div class='log' id="Output-827966648">
Tc006 executed<br/>
</div>
</td>
<td></td>
<td>0</td>
<td>framework.Testng.Groups.TestSuite2@215be6bb</td></tr>
</table><p>
<table width='100%' border='1' class='invocation-skipped'>
<tr><td colspan='4' align='center'><b>SKIPPED TESTS</b></td></tr>
<tr><td><b>Test method</b></td>
<td width="30%"><b>Exception</b></td>
<td width="10%"><b>Time (seconds)</b></td>
<td><b>Instance</b></td>
</tr>
<tr>
<td title='framework.Testng.Groups.TestSuite3.tc008()'><b>tc008</b><br>Test class: framework.Testng.Groups.TestSuite3</td>
<td><div><pre>java.lang.Throwable: Method TestSuite3.tc008()[pri:0, instance:framework.Testng.Groups.TestSuite3@4439f31e] depends on not successfully finished methods in group &quot;Reg1&quot;
... Removed 18 stack frames</pre></div><a href='#' onClick='toggleBox("stack-trace230835489", this, "Click to show all stack frames", "Click to hide stack frames")'>Click to show all stack frames</a>
<div class='stack-trace' id='stack-trace230835489'><pre>java.lang.Throwable: Method TestSuite3.tc008()[pri:0, instance:framework.Testng.Groups.TestSuite3@4439f31e] depends on not successfully finished methods in group &quot;Reg1&quot;
	at org.testng.internal.Invoker.invokeTestMethods(Invoker.java:1028)
	at org.testng.internal.TestMethodWorker.invokeTestMethods(TestMethodWorker.java:129)
	at org.testng.internal.TestMethodWorker.run(TestMethodWorker.java:112)
	at org.testng.TestRunner.privateRun(TestRunner.java:746)
	at org.testng.TestRunner.run(TestRunner.java:600)
	at org.testng.SuiteRunner.runTest(SuiteRunner.java:366)
	at org.testng.SuiteRunner.runSequentially(SuiteRunner.java:361)
	at org.testng.SuiteRunner.privateRun(SuiteRunner.java:319)
	at org.testng.SuiteRunner.run(SuiteRunner.java:268)
	at org.testng.SuiteRunnerWorker.runSuite(SuiteRunnerWorker.java:52)
	at org.testng.SuiteRunnerWorker.run(SuiteRunnerWorker.java:86)
	at org.testng.TestNG.runSuitesSequentially(TestNG.java:1264)
	at org.testng.TestNG.runSuitesLocally(TestNG.java:1189)
	at org.testng.TestNG.runSuites(TestNG.java:1104)
	at org.testng.TestNG.run(TestNG.java:1076)
	at org.testng.remote.AbstractRemoteTestNG.run(AbstractRemoteTestNG.java:126)
	at org.testng.remote.RemoteTestNG.initAndRun(RemoteTestNG.java:152)
	at org.testng.remote.RemoteTestNG.main(RemoteTestNG.java:57)
</pre></div></td>
<td>0</td>
<td>null</td></tr>
<tr>
<td title='framework.Testng.Groups.TestSuite3.tc009()'><b>tc009</b><br>Test class: framework.Testng.Groups.TestSuite3</td>
<td><div><pre>java.lang.Throwable: Method TestSuite3.tc009()[pri:0, instance:framework.Testng.Groups.TestSuite3@4439f31e] depends on not successfully finished methods in group &quot;Reg1&quot;
... Removed 18 stack frames</pre></div><a href='#' onClick='toggleBox("stack-trace1847509784", this, "Click to show all stack frames", "Click to hide stack frames")'>Click to show all stack frames</a>
<div class='stack-trace' id='stack-trace1847509784'><pre>java.lang.Throwable: Method TestSuite3.tc009()[pri:0, instance:framework.Testng.Groups.TestSuite3@4439f31e] depends on not successfully finished methods in group &quot;Reg1&quot;
	at org.testng.internal.Invoker.invokeTestMethods(Invoker.java:1028)
	at org.testng.internal.TestMethodWorker.invokeTestMethods(TestMethodWorker.java:129)
	at org.testng.internal.TestMethodWorker.run(TestMethodWorker.java:112)
	at org.testng.TestRunner.privateRun(TestRunner.java:746)
	at org.testng.TestRunner.run(TestRunner.java:600)
	at org.testng.SuiteRunner.runTest(SuiteRunner.java:366)
	at org.testng.SuiteRunner.runSequentially(SuiteRunner.java:361)
	at org.testng.SuiteRunner.privateRun(SuiteRunner.java:319)
	at org.testng.SuiteRunner.run(SuiteRunner.java:268)
	at org.testng.SuiteRunnerWorker.runSuite(SuiteRunnerWorker.java:52)
	at org.testng.SuiteRunnerWorker.run(SuiteRunnerWorker.java:86)
	at org.testng.TestNG.runSuitesSequentially(TestNG.java:1264)
	at org.testng.TestNG.runSuitesLocally(TestNG.java:1189)
	at org.testng.TestNG.runSuites(TestNG.java:1104)
	at org.testng.TestNG.run(TestNG.java:1076)
	at org.testng.remote.AbstractRemoteTestNG.run(AbstractRemoteTestNG.java:126)
	at org.testng.remote.RemoteTestNG.initAndRun(RemoteTestNG.java:152)
	at org.testng.remote.RemoteTestNG.main(RemoteTestNG.java:57)
</pre></div></td>
<td>0</td>
<td>null</td></tr>
</table><p>
</body>
</html>