<?xml version="1.0" encoding="UTF-8"?>
<!-- Generated by org.testng.reporters.JUnitXMLReporter -->
<testsuite hostname="Pranil" name="default-test" tests="9" failures="1" timestamp="22 Jun 2021 06:40:23 GMT" time="0.164" errors="0">
  <testcase name="tc001" time="0.03" classname="framework.Testng.Groups.TestSuite1"/>
  <testcase name="tc003" time="0.004" classname="framework.Testng.Groups.TestSuite1"/>
  <testcase name="tc002" time="0.002" classname="framework.Testng.Groups.TestSuite1"/>
  <testcase name="tc005" time="0.002" classname="framework.Testng.Groups.TestSuite2"/>
  <testcase name="tc004" time="0.004" classname="framework.Testng.Groups.TestSuite2"/>
  <testcase name="tc006" time="0.016" classname="framework.Testng.Groups.TestSuite2"/>
  <testcase name="tc007" time="0.006" classname="framework.Testng.Groups.TestSuite3">
    <failure type="java.lang.AssertionError" message="expected [true] but found [false]">
      <![CDATA[java.lang.AssertionError: expected [true] but found [false]
	at framework.Testng.Groups.TestSuite3.tc007(TestSuite3.java:13)
... Removed 29 stack frames]]>
    </failure>
  </testcase> <!-- tc007 -->
  <testcase name="tc008" time="0.0" classname="framework.Testng.Groups.TestSuite3">
    <skipped/>
  </testcase> <!-- tc008 -->
  <testcase name="tc009" time="0.0" classname="framework.Testng.Groups.TestSuite3">
    <skipped/>
  </testcase> <!-- tc009 -->
</testsuite> <!-- default-test -->
